107.07.12 15:25 B K:\FONDEF\WEB\En Desarrollo\PLATAFORMA FONDEF\Postulacion\clases\adodb\adodb-active-record.inc.php --> faraon.conicyt.cl /home/fondef/seg_desarrollo/cgi-bin/Postulacion/clases/adodb adodb-active-record.inc.php
107.07.12 15:25 B K:\FONDEF\WEB\En Desarrollo\PLATAFORMA FONDEF\Postulacion\clases\adodb\adodb-csvlib.inc.php --> faraon.conicyt.cl /home/fondef/seg_desarrollo/cgi-bin/Postulacion/clases/adodb adodb-csvlib.inc.php
107.07.12 15:25 B K:\FONDEF\WEB\En Desarrollo\PLATAFORMA FONDEF\Postulacion\clases\adodb\adodb-datadict.inc.php --> faraon.conicyt.cl /home/fondef/seg_desarrollo/cgi-bin/Postulacion/clases/adodb adodb-datadict.inc.php
107.07.12 15:25 B K:\FONDEF\WEB\En Desarrollo\PLATAFORMA FONDEF\Postulacion\clases\adodb\adodb-error.inc.php --> faraon.conicyt.cl /home/fondef/seg_desarrollo/cgi-bin/Postulacion/clases/adodb adodb-error.inc.php
107.07.12 15:25 B K:\FONDEF\WEB\En Desarrollo\PLATAFORMA FONDEF\Postulacion\clases\adodb\adodb-errorhandler.inc.php --> faraon.conicyt.cl /home/fondef/seg_desarrollo/cgi-bin/Postulacion/clases/adodb adodb-errorhandler.inc.php
107.07.12 15:25 B K:\FONDEF\WEB\En Desarrollo\PLATAFORMA FONDEF\Postulacion\clases\adodb\adodb-errorpear.inc.php --> faraon.conicyt.cl /home/fondef/seg_desarrollo/cgi-bin/Postulacion/clases/adodb adodb-errorpear.inc.php
107.07.12 15:25 B K:\FONDEF\WEB\En Desarrollo\PLATAFORMA FONDEF\Postulacion\clases\adodb\adodb-exceptions.inc.php --> faraon.conicyt.cl /home/fondef/seg_desarrollo/cgi-bin/Postulacion/clases/adodb adodb-exceptions.inc.php
107.07.12 15:26 B K:\FONDEF\WEB\En Desarrollo\PLATAFORMA FONDEF\Postulacion\clases\adodb\adodb-iterator.inc.php --> faraon.conicyt.cl /home/fondef/seg_desarrollo/cgi-bin/Postulacion/clases/adodb adodb-iterator.inc.php
107.07.12 15:26 B K:\FONDEF\WEB\En Desarrollo\PLATAFORMA FONDEF\Postulacion\clases\adodb\adodb-lib.inc.php --> faraon.conicyt.cl /home/fondef/seg_desarrollo/cgi-bin/Postulacion/clases/adodb adodb-lib.inc.php
107.07.12 15:26 B K:\FONDEF\WEB\En Desarrollo\PLATAFORMA FONDEF\Postulacion\clases\adodb\adodb-memcache.lib.inc.php --> faraon.conicyt.cl /home/fondef/seg_desarrollo/cgi-bin/Postulacion/clases/adodb adodb-memcache.lib.inc.php
107.07.12 15:26 B K:\FONDEF\WEB\En Desarrollo\PLATAFORMA FONDEF\Postulacion\clases\adodb\adodb-pager.inc.php --> faraon.conicyt.cl /home/fondef/seg_desarrollo/cgi-bin/Postulacion/clases/adodb adodb-pager.inc.php
107.07.12 15:26 B K:\FONDEF\WEB\En Desarrollo\PLATAFORMA FONDEF\Postulacion\clases\adodb\adodb-pear.inc.php --> faraon.conicyt.cl /home/fondef/seg_desarrollo/cgi-bin/Postulacion/clases/adodb adodb-pear.inc.php
107.07.12 15:26 B K:\FONDEF\WEB\En Desarrollo\PLATAFORMA FONDEF\Postulacion\clases\adodb\adodb-perf.inc.php --> faraon.conicyt.cl /home/fondef/seg_desarrollo/cgi-bin/Postulacion/clases/adodb adodb-perf.inc.php
107.07.12 15:26 B K:\FONDEF\WEB\En Desarrollo\PLATAFORMA FONDEF\Postulacion\clases\adodb\adodb-php4.inc.php --> faraon.conicyt.cl /home/fondef/seg_desarrollo/cgi-bin/Postulacion/clases/adodb adodb-php4.inc.php
107.07.12 15:26 B K:\FONDEF\WEB\En Desarrollo\PLATAFORMA FONDEF\Postulacion\clases\adodb\adodb-time.inc.php --> faraon.conicyt.cl /home/fondef/seg_desarrollo/cgi-bin/Postulacion/clases/adodb adodb-time.inc.php
107.07.12 15:26 B K:\FONDEF\WEB\En Desarrollo\PLATAFORMA FONDEF\Postulacion\clases\adodb\adodb-xmlschema.inc.php --> faraon.conicyt.cl /home/fondef/seg_desarrollo/cgi-bin/Postulacion/clases/adodb adodb-xmlschema.inc.php
107.07.12 15:26 B K:\FONDEF\WEB\En Desarrollo\PLATAFORMA FONDEF\Postulacion\clases\adodb\adodb-xmlschema03.inc.php --> faraon.conicyt.cl /home/fondef/seg_desarrollo/cgi-bin/Postulacion/clases/adodb adodb-xmlschema03.inc.php
107.07.12 15:26 B K:\FONDEF\WEB\En Desarrollo\PLATAFORMA FONDEF\Postulacion\clases\adodb\adodb.inc.php --> faraon.conicyt.cl /home/fondef/seg_desarrollo/cgi-bin/Postulacion/clases/adodb adodb.inc.php
107.07.12 15:26 B K:\FONDEF\WEB\En Desarrollo\PLATAFORMA FONDEF\Postulacion\clases\adodb\license.txt --> faraon.conicyt.cl /home/fondef/seg_desarrollo/cgi-bin/Postulacion/clases/adodb license.txt
107.07.12 15:26 B K:\FONDEF\WEB\En Desarrollo\PLATAFORMA FONDEF\Postulacion\clases\adodb\pivottable.inc.php --> faraon.conicyt.cl /home/fondef/seg_desarrollo/cgi-bin/Postulacion/clases/adodb pivottable.inc.php
107.07.12 15:26 B K:\FONDEF\WEB\En Desarrollo\PLATAFORMA FONDEF\Postulacion\clases\adodb\readme.txt --> faraon.conicyt.cl /home/fondef/seg_desarrollo/cgi-bin/Postulacion/clases/adodb readme.txt
107.07.12 15:26 B K:\FONDEF\WEB\En Desarrollo\PLATAFORMA FONDEF\Postulacion\clases\adodb\rsfilter.inc.php --> faraon.conicyt.cl /home/fondef/seg_desarrollo/cgi-bin/Postulacion/clases/adodb rsfilter.inc.php
107.07.12 15:26 B K:\FONDEF\WEB\En Desarrollo\PLATAFORMA FONDEF\Postulacion\clases\adodb\server.php --> faraon.conicyt.cl /home/fondef/seg_desarrollo/cgi-bin/Postulacion/clases/adodb server.php
107.07.12 15:26 B K:\FONDEF\WEB\En Desarrollo\PLATAFORMA FONDEF\Postulacion\clases\adodb\toexport.inc.php --> faraon.conicyt.cl /home/fondef/seg_desarrollo/cgi-bin/Postulacion/clases/adodb toexport.inc.php
107.07.12 15:26 B K:\FONDEF\WEB\En Desarrollo\PLATAFORMA FONDEF\Postulacion\clases\adodb\tohtml.inc.php --> faraon.conicyt.cl /home/fondef/seg_desarrollo/cgi-bin/Postulacion/clases/adodb tohtml.inc.php
107.07.12 15:26 B K:\FONDEF\WEB\En Desarrollo\PLATAFORMA FONDEF\Postulacion\clases\adodb\xmlschema.dtd --> faraon.conicyt.cl /home/fondef/seg_desarrollo/cgi-bin/Postulacion/clases/adodb xmlschema.dtd
107.07.12 15:26 B K:\FONDEF\WEB\En Desarrollo\PLATAFORMA FONDEF\Postulacion\clases\adodb\xmlschema03.dtd --> faraon.conicyt.cl /home/fondef/seg_desarrollo/cgi-bin/Postulacion/clases/adodb xmlschema03.dtd
