107.07.12 15:25 B K:\FONDEF\WEB\En Desarrollo\PLATAFORMA FONDEF\Postulacion\clases\adodb\drivers\adodb-access.inc.php --> faraon.conicyt.cl /home/fondef/seg_desarrollo/cgi-bin/Postulacion/clases/adodb/drivers adodb-access.inc.php
107.07.12 15:25 B K:\FONDEF\WEB\En Desarrollo\PLATAFORMA FONDEF\Postulacion\clases\adodb\drivers\adodb-ado.inc.php --> faraon.conicyt.cl /home/fondef/seg_desarrollo/cgi-bin/Postulacion/clases/adodb/drivers adodb-ado.inc.php
107.07.12 15:25 B K:\FONDEF\WEB\En Desarrollo\PLATAFORMA FONDEF\Postulacion\clases\adodb\drivers\adodb-ado5.inc.php --> faraon.conicyt.cl /home/fondef/seg_desarrollo/cgi-bin/Postulacion/clases/adodb/drivers adodb-ado5.inc.php
107.07.12 15:25 B K:\FONDEF\WEB\En Desarrollo\PLATAFORMA FONDEF\Postulacion\clases\adodb\drivers\adodb-ado_access.inc.php --> faraon.conicyt.cl /home/fondef/seg_desarrollo/cgi-bin/Postulacion/clases/adodb/drivers adodb-ado_access.inc.php
107.07.12 15:25 B K:\FONDEF\WEB\En Desarrollo\PLATAFORMA FONDEF\Postulacion\clases\adodb\drivers\adodb-ado_mssql.inc.php --> faraon.conicyt.cl /home/fondef/seg_desarrollo/cgi-bin/Postulacion/clases/adodb/drivers adodb-ado_mssql.inc.php
107.07.12 15:25 B K:\FONDEF\WEB\En Desarrollo\PLATAFORMA FONDEF\Postulacion\clases\adodb\drivers\adodb-borland_ibase.inc.php --> faraon.conicyt.cl /home/fondef/seg_desarrollo/cgi-bin/Postulacion/clases/adodb/drivers adodb-borland_ibase.inc.php
107.07.12 15:25 B K:\FONDEF\WEB\En Desarrollo\PLATAFORMA FONDEF\Postulacion\clases\adodb\drivers\adodb-csv.inc.php --> faraon.conicyt.cl /home/fondef/seg_desarrollo/cgi-bin/Postulacion/clases/adodb/drivers adodb-csv.inc.php
107.07.12 15:25 B K:\FONDEF\WEB\En Desarrollo\PLATAFORMA FONDEF\Postulacion\clases\adodb\drivers\adodb-db2.inc.php --> faraon.conicyt.cl /home/fondef/seg_desarrollo/cgi-bin/Postulacion/clases/adodb/drivers adodb-db2.inc.php
107.07.12 15:25 B K:\FONDEF\WEB\En Desarrollo\PLATAFORMA FONDEF\Postulacion\clases\adodb\drivers\adodb-fbsql.inc.php --> faraon.conicyt.cl /home/fondef/seg_desarrollo/cgi-bin/Postulacion/clases/adodb/drivers adodb-fbsql.inc.php
107.07.12 15:25 B K:\FONDEF\WEB\En Desarrollo\PLATAFORMA FONDEF\Postulacion\clases\adodb\drivers\adodb-firebird.inc.php --> faraon.conicyt.cl /home/fondef/seg_desarrollo/cgi-bin/Postulacion/clases/adodb/drivers adodb-firebird.inc.php
107.07.12 15:25 B K:\FONDEF\WEB\En Desarrollo\PLATAFORMA FONDEF\Postulacion\clases\adodb\drivers\adodb-ibase.inc.php --> faraon.conicyt.cl /home/fondef/seg_desarrollo/cgi-bin/Postulacion/clases/adodb/drivers adodb-ibase.inc.php
107.07.12 15:25 B K:\FONDEF\WEB\En Desarrollo\PLATAFORMA FONDEF\Postulacion\clases\adodb\drivers\adodb-informix.inc.php --> faraon.conicyt.cl /home/fondef/seg_desarrollo/cgi-bin/Postulacion/clases/adodb/drivers adodb-informix.inc.php
107.07.12 15:25 B K:\FONDEF\WEB\En Desarrollo\PLATAFORMA FONDEF\Postulacion\clases\adodb\drivers\adodb-informix72.inc.php --> faraon.conicyt.cl /home/fondef/seg_desarrollo/cgi-bin/Postulacion/clases/adodb/drivers adodb-informix72.inc.php
107.07.12 15:25 B K:\FONDEF\WEB\En Desarrollo\PLATAFORMA FONDEF\Postulacion\clases\adodb\drivers\adodb-ldap.inc.php --> faraon.conicyt.cl /home/fondef/seg_desarrollo/cgi-bin/Postulacion/clases/adodb/drivers adodb-ldap.inc.php
107.07.12 15:25 B K:\FONDEF\WEB\En Desarrollo\PLATAFORMA FONDEF\Postulacion\clases\adodb\drivers\adodb-mssql.inc.php --> faraon.conicyt.cl /home/fondef/seg_desarrollo/cgi-bin/Postulacion/clases/adodb/drivers adodb-mssql.inc.php
107.07.12 15:25 B K:\FONDEF\WEB\En Desarrollo\PLATAFORMA FONDEF\Postulacion\clases\adodb\drivers\adodb-mssql_n.inc.php --> faraon.conicyt.cl /home/fondef/seg_desarrollo/cgi-bin/Postulacion/clases/adodb/drivers adodb-mssql_n.inc.php
107.07.12 15:25 B K:\FONDEF\WEB\En Desarrollo\PLATAFORMA FONDEF\Postulacion\clases\adodb\drivers\adodb-mssqlpo.inc.php --> faraon.conicyt.cl /home/fondef/seg_desarrollo/cgi-bin/Postulacion/clases/adodb/drivers adodb-mssqlpo.inc.php
107.07.12 15:25 B K:\FONDEF\WEB\En Desarrollo\PLATAFORMA FONDEF\Postulacion\clases\adodb\drivers\adodb-mysql.inc.php --> faraon.conicyt.cl /home/fondef/seg_desarrollo/cgi-bin/Postulacion/clases/adodb/drivers adodb-mysql.inc.php
107.07.12 15:25 B K:\FONDEF\WEB\En Desarrollo\PLATAFORMA FONDEF\Postulacion\clases\adodb\drivers\adodb-mysqli.inc.php --> faraon.conicyt.cl /home/fondef/seg_desarrollo/cgi-bin/Postulacion/clases/adodb/drivers adodb-mysqli.inc.php
107.07.12 15:25 B K:\FONDEF\WEB\En Desarrollo\PLATAFORMA FONDEF\Postulacion\clases\adodb\drivers\adodb-mysqlt.inc.php --> faraon.conicyt.cl /home/fondef/seg_desarrollo/cgi-bin/Postulacion/clases/adodb/drivers adodb-mysqlt.inc.php
107.07.12 15:25 B K:\FONDEF\WEB\En Desarrollo\PLATAFORMA FONDEF\Postulacion\clases\adodb\drivers\adodb-netezza.inc.php --> faraon.conicyt.cl /home/fondef/seg_desarrollo/cgi-bin/Postulacion/clases/adodb/drivers adodb-netezza.inc.php
107.07.12 15:25 B K:\FONDEF\WEB\En Desarrollo\PLATAFORMA FONDEF\Postulacion\clases\adodb\drivers\adodb-oci8.inc.php --> faraon.conicyt.cl /home/fondef/seg_desarrollo/cgi-bin/Postulacion/clases/adodb/drivers adodb-oci8.inc.php
107.07.12 15:25 B K:\FONDEF\WEB\En Desarrollo\PLATAFORMA FONDEF\Postulacion\clases\adodb\drivers\adodb-oci805.inc.php --> faraon.conicyt.cl /home/fondef/seg_desarrollo/cgi-bin/Postulacion/clases/adodb/drivers adodb-oci805.inc.php
107.07.12 15:25 B K:\FONDEF\WEB\En Desarrollo\PLATAFORMA FONDEF\Postulacion\clases\adodb\drivers\adodb-oci8po.inc.php --> faraon.conicyt.cl /home/fondef/seg_desarrollo/cgi-bin/Postulacion/clases/adodb/drivers adodb-oci8po.inc.php
107.07.12 15:25 B K:\FONDEF\WEB\En Desarrollo\PLATAFORMA FONDEF\Postulacion\clases\adodb\drivers\adodb-odbc.inc.php --> faraon.conicyt.cl /home/fondef/seg_desarrollo/cgi-bin/Postulacion/clases/adodb/drivers adodb-odbc.inc.php
107.07.12 15:25 B K:\FONDEF\WEB\En Desarrollo\PLATAFORMA FONDEF\Postulacion\clases\adodb\drivers\adodb-odbc_db2.inc.php --> faraon.conicyt.cl /home/fondef/seg_desarrollo/cgi-bin/Postulacion/clases/adodb/drivers adodb-odbc_db2.inc.php
107.07.12 15:25 B K:\FONDEF\WEB\En Desarrollo\PLATAFORMA FONDEF\Postulacion\clases\adodb\drivers\adodb-odbc_mssql.inc.php --> faraon.conicyt.cl /home/fondef/seg_desarrollo/cgi-bin/Postulacion/clases/adodb/drivers adodb-odbc_mssql.inc.php
107.07.12 15:25 B K:\FONDEF\WEB\En Desarrollo\PLATAFORMA FONDEF\Postulacion\clases\adodb\drivers\adodb-odbc_oracle.inc.php --> faraon.conicyt.cl /home/fondef/seg_desarrollo/cgi-bin/Postulacion/clases/adodb/drivers adodb-odbc_oracle.inc.php
107.07.12 15:25 B K:\FONDEF\WEB\En Desarrollo\PLATAFORMA FONDEF\Postulacion\clases\adodb\drivers\adodb-odbtp.inc.php --> faraon.conicyt.cl /home/fondef/seg_desarrollo/cgi-bin/Postulacion/clases/adodb/drivers adodb-odbtp.inc.php
107.07.12 15:25 B K:\FONDEF\WEB\En Desarrollo\PLATAFORMA FONDEF\Postulacion\clases\adodb\drivers\adodb-odbtp_unicode.inc.php --> faraon.conicyt.cl /home/fondef/seg_desarrollo/cgi-bin/Postulacion/clases/adodb/drivers adodb-odbtp_unicode.inc.php
107.07.12 15:25 B K:\FONDEF\WEB\En Desarrollo\PLATAFORMA FONDEF\Postulacion\clases\adodb\drivers\adodb-oracle.inc.php --> faraon.conicyt.cl /home/fondef/seg_desarrollo/cgi-bin/Postulacion/clases/adodb/drivers adodb-oracle.inc.php
107.07.12 15:25 B K:\FONDEF\WEB\En Desarrollo\PLATAFORMA FONDEF\Postulacion\clases\adodb\drivers\adodb-pdo.inc.php --> faraon.conicyt.cl /home/fondef/seg_desarrollo/cgi-bin/Postulacion/clases/adodb/drivers adodb-pdo.inc.php
107.07.12 15:25 B K:\FONDEF\WEB\En Desarrollo\PLATAFORMA FONDEF\Postulacion\clases\adodb\drivers\adodb-pdo_mssql.inc.php --> faraon.conicyt.cl /home/fondef/seg_desarrollo/cgi-bin/Postulacion/clases/adodb/drivers adodb-pdo_mssql.inc.php
107.07.12 15:25 B K:\FONDEF\WEB\En Desarrollo\PLATAFORMA FONDEF\Postulacion\clases\adodb\drivers\adodb-pdo_mysql.inc.php --> faraon.conicyt.cl /home/fondef/seg_desarrollo/cgi-bin/Postulacion/clases/adodb/drivers adodb-pdo_mysql.inc.php
107.07.12 15:25 B K:\FONDEF\WEB\En Desarrollo\PLATAFORMA FONDEF\Postulacion\clases\adodb\drivers\adodb-pdo_oci.inc.php --> faraon.conicyt.cl /home/fondef/seg_desarrollo/cgi-bin/Postulacion/clases/adodb/drivers adodb-pdo_oci.inc.php
107.07.12 15:25 B K:\FONDEF\WEB\En Desarrollo\PLATAFORMA FONDEF\Postulacion\clases\adodb\drivers\adodb-pdo_pgsql.inc.php --> faraon.conicyt.cl /home/fondef/seg_desarrollo/cgi-bin/Postulacion/clases/adodb/drivers adodb-pdo_pgsql.inc.php
107.07.12 15:25 B K:\FONDEF\WEB\En Desarrollo\PLATAFORMA FONDEF\Postulacion\clases\adodb\drivers\adodb-postgres.inc.php --> faraon.conicyt.cl /home/fondef/seg_desarrollo/cgi-bin/Postulacion/clases/adodb/drivers adodb-postgres.inc.php
107.07.12 15:25 B K:\FONDEF\WEB\En Desarrollo\PLATAFORMA FONDEF\Postulacion\clases\adodb\drivers\adodb-postgres64.inc.php --> faraon.conicyt.cl /home/fondef/seg_desarrollo/cgi-bin/Postulacion/clases/adodb/drivers adodb-postgres64.inc.php
107.07.12 15:25 B K:\FONDEF\WEB\En Desarrollo\PLATAFORMA FONDEF\Postulacion\clases\adodb\drivers\adodb-postgres7.inc.php --> faraon.conicyt.cl /home/fondef/seg_desarrollo/cgi-bin/Postulacion/clases/adodb/drivers adodb-postgres7.inc.php
107.07.12 15:25 B K:\FONDEF\WEB\En Desarrollo\PLATAFORMA FONDEF\Postulacion\clases\adodb\drivers\adodb-postgres8.inc.php --> faraon.conicyt.cl /home/fondef/seg_desarrollo/cgi-bin/Postulacion/clases/adodb/drivers adodb-postgres8.inc.php
107.07.12 15:25 B K:\FONDEF\WEB\En Desarrollo\PLATAFORMA FONDEF\Postulacion\clases\adodb\drivers\adodb-proxy.inc.php --> faraon.conicyt.cl /home/fondef/seg_desarrollo/cgi-bin/Postulacion/clases/adodb/drivers adodb-proxy.inc.php
107.07.12 15:25 B K:\FONDEF\WEB\En Desarrollo\PLATAFORMA FONDEF\Postulacion\clases\adodb\drivers\adodb-sapdb.inc.php --> faraon.conicyt.cl /home/fondef/seg_desarrollo/cgi-bin/Postulacion/clases/adodb/drivers adodb-sapdb.inc.php
107.07.12 15:25 B K:\FONDEF\WEB\En Desarrollo\PLATAFORMA FONDEF\Postulacion\clases\adodb\drivers\adodb-sqlanywhere.inc.php --> faraon.conicyt.cl /home/fondef/seg_desarrollo/cgi-bin/Postulacion/clases/adodb/drivers adodb-sqlanywhere.inc.php
107.07.12 15:25 B K:\FONDEF\WEB\En Desarrollo\PLATAFORMA FONDEF\Postulacion\clases\adodb\drivers\adodb-sqlite.inc.php --> faraon.conicyt.cl /home/fondef/seg_desarrollo/cgi-bin/Postulacion/clases/adodb/drivers adodb-sqlite.inc.php
107.07.12 15:25 B K:\FONDEF\WEB\En Desarrollo\PLATAFORMA FONDEF\Postulacion\clases\adodb\drivers\adodb-sqlitepo.inc.php --> faraon.conicyt.cl /home/fondef/seg_desarrollo/cgi-bin/Postulacion/clases/adodb/drivers adodb-sqlitepo.inc.php
107.07.12 15:25 B K:\FONDEF\WEB\En Desarrollo\PLATAFORMA FONDEF\Postulacion\clases\adodb\drivers\adodb-sybase.inc.php --> faraon.conicyt.cl /home/fondef/seg_desarrollo/cgi-bin/Postulacion/clases/adodb/drivers adodb-sybase.inc.php
107.07.12 15:25 B K:\FONDEF\WEB\En Desarrollo\PLATAFORMA FONDEF\Postulacion\clases\adodb\drivers\adodb-sybase_ase.inc.php --> faraon.conicyt.cl /home/fondef/seg_desarrollo/cgi-bin/Postulacion/clases/adodb/drivers adodb-sybase_ase.inc.php
107.07.12 15:25 B K:\FONDEF\WEB\En Desarrollo\PLATAFORMA FONDEF\Postulacion\clases\adodb\drivers\adodb-vfp.inc.php --> faraon.conicyt.cl /home/fondef/seg_desarrollo/cgi-bin/Postulacion/clases/adodb/drivers adodb-vfp.inc.php
