107.07.12 15:25 B K:\FONDEF\WEB\En Desarrollo\PLATAFORMA FONDEF\Postulacion\clases\adodb\lang\adodb-ar.inc.php --> faraon.conicyt.cl /home/fondef/seg_desarrollo/cgi-bin/Postulacion/clases/adodb/lang adodb-ar.inc.php
107.07.12 15:25 B K:\FONDEF\WEB\En Desarrollo\PLATAFORMA FONDEF\Postulacion\clases\adodb\lang\adodb-bg.inc.php --> faraon.conicyt.cl /home/fondef/seg_desarrollo/cgi-bin/Postulacion/clases/adodb/lang adodb-bg.inc.php
107.07.12 15:25 B K:\FONDEF\WEB\En Desarrollo\PLATAFORMA FONDEF\Postulacion\clases\adodb\lang\adodb-bgutf8.inc.php --> faraon.conicyt.cl /home/fondef/seg_desarrollo/cgi-bin/Postulacion/clases/adodb/lang adodb-bgutf8.inc.php
107.07.12 15:25 B K:\FONDEF\WEB\En Desarrollo\PLATAFORMA FONDEF\Postulacion\clases\adodb\lang\adodb-ca.inc.php --> faraon.conicyt.cl /home/fondef/seg_desarrollo/cgi-bin/Postulacion/clases/adodb/lang adodb-ca.inc.php
107.07.12 15:25 B K:\FONDEF\WEB\En Desarrollo\PLATAFORMA FONDEF\Postulacion\clases\adodb\lang\adodb-cn.inc.php --> faraon.conicyt.cl /home/fondef/seg_desarrollo/cgi-bin/Postulacion/clases/adodb/lang adodb-cn.inc.php
107.07.12 15:25 B K:\FONDEF\WEB\En Desarrollo\PLATAFORMA FONDEF\Postulacion\clases\adodb\lang\adodb-cz.inc.php --> faraon.conicyt.cl /home/fondef/seg_desarrollo/cgi-bin/Postulacion/clases/adodb/lang adodb-cz.inc.php
107.07.12 15:25 B K:\FONDEF\WEB\En Desarrollo\PLATAFORMA FONDEF\Postulacion\clases\adodb\lang\adodb-da.inc.php --> faraon.conicyt.cl /home/fondef/seg_desarrollo/cgi-bin/Postulacion/clases/adodb/lang adodb-da.inc.php
107.07.12 15:25 B K:\FONDEF\WEB\En Desarrollo\PLATAFORMA FONDEF\Postulacion\clases\adodb\lang\adodb-de.inc.php --> faraon.conicyt.cl /home/fondef/seg_desarrollo/cgi-bin/Postulacion/clases/adodb/lang adodb-de.inc.php
107.07.12 15:25 B K:\FONDEF\WEB\En Desarrollo\PLATAFORMA FONDEF\Postulacion\clases\adodb\lang\adodb-en.inc.php --> faraon.conicyt.cl /home/fondef/seg_desarrollo/cgi-bin/Postulacion/clases/adodb/lang adodb-en.inc.php
107.07.12 15:25 B K:\FONDEF\WEB\En Desarrollo\PLATAFORMA FONDEF\Postulacion\clases\adodb\lang\adodb-es.inc.php --> faraon.conicyt.cl /home/fondef/seg_desarrollo/cgi-bin/Postulacion/clases/adodb/lang adodb-es.inc.php
107.07.12 15:25 B K:\FONDEF\WEB\En Desarrollo\PLATAFORMA FONDEF\Postulacion\clases\adodb\lang\adodb-esperanto.inc.php --> faraon.conicyt.cl /home/fondef/seg_desarrollo/cgi-bin/Postulacion/clases/adodb/lang adodb-esperanto.inc.php
107.07.12 15:25 B K:\FONDEF\WEB\En Desarrollo\PLATAFORMA FONDEF\Postulacion\clases\adodb\lang\adodb-fr.inc.php --> faraon.conicyt.cl /home/fondef/seg_desarrollo/cgi-bin/Postulacion/clases/adodb/lang adodb-fr.inc.php
107.07.12 15:25 B K:\FONDEF\WEB\En Desarrollo\PLATAFORMA FONDEF\Postulacion\clases\adodb\lang\adodb-hu.inc.php --> faraon.conicyt.cl /home/fondef/seg_desarrollo/cgi-bin/Postulacion/clases/adodb/lang adodb-hu.inc.php
107.07.12 15:25 B K:\FONDEF\WEB\En Desarrollo\PLATAFORMA FONDEF\Postulacion\clases\adodb\lang\adodb-it.inc.php --> faraon.conicyt.cl /home/fondef/seg_desarrollo/cgi-bin/Postulacion/clases/adodb/lang adodb-it.inc.php
107.07.12 15:25 B K:\FONDEF\WEB\En Desarrollo\PLATAFORMA FONDEF\Postulacion\clases\adodb\lang\adodb-nl.inc.php --> faraon.conicyt.cl /home/fondef/seg_desarrollo/cgi-bin/Postulacion/clases/adodb/lang adodb-nl.inc.php
107.07.12 15:25 B K:\FONDEF\WEB\En Desarrollo\PLATAFORMA FONDEF\Postulacion\clases\adodb\lang\adodb-pl.inc.php --> faraon.conicyt.cl /home/fondef/seg_desarrollo/cgi-bin/Postulacion/clases/adodb/lang adodb-pl.inc.php
107.07.12 15:25 B K:\FONDEF\WEB\En Desarrollo\PLATAFORMA FONDEF\Postulacion\clases\adodb\lang\adodb-pt-br.inc.php --> faraon.conicyt.cl /home/fondef/seg_desarrollo/cgi-bin/Postulacion/clases/adodb/lang adodb-pt-br.inc.php
107.07.12 15:25 B K:\FONDEF\WEB\En Desarrollo\PLATAFORMA FONDEF\Postulacion\clases\adodb\lang\adodb-ro.inc.php --> faraon.conicyt.cl /home/fondef/seg_desarrollo/cgi-bin/Postulacion/clases/adodb/lang adodb-ro.inc.php
107.07.12 15:25 B K:\FONDEF\WEB\En Desarrollo\PLATAFORMA FONDEF\Postulacion\clases\adodb\lang\adodb-ru1251.inc.php --> faraon.conicyt.cl /home/fondef/seg_desarrollo/cgi-bin/Postulacion/clases/adodb/lang adodb-ru1251.inc.php
107.07.12 15:25 B K:\FONDEF\WEB\En Desarrollo\PLATAFORMA FONDEF\Postulacion\clases\adodb\lang\adodb-sv.inc.php --> faraon.conicyt.cl /home/fondef/seg_desarrollo/cgi-bin/Postulacion/clases/adodb/lang adodb-sv.inc.php
107.07.12 15:25 B K:\FONDEF\WEB\En Desarrollo\PLATAFORMA FONDEF\Postulacion\clases\adodb\lang\adodb-uk1251.inc.php --> faraon.conicyt.cl /home/fondef/seg_desarrollo/cgi-bin/Postulacion/clases/adodb/lang adodb-uk1251.inc.php
